<?xml version="1.0" encoding="UTF-8"?>
<!-- Generated by org.testng.reporters.JUnitXMLReporter -->
<testsuite ignored="0" hostname="LAPTOP-5OHLK4IV" failures="0" tests="4" name="Default test" time="3.758" errors="0" timestamp="2023-11-15T15:46:15 IST">
  <testcase classname="com.sportyshoe.Test.LoginPageTest" name="test_login" time="0.226"/>
  <testcase classname="com.sportyshoe.Test.LoginPageTest" name="test_getTitle_page" time="0.163"/>
  <testcase classname="com.sportyshoe.Test.LoginPageTest" name="Test_validate_registration_Text" time="0.039"/>
  <testcase classname="com.sportyshoe.Test.LoginPageTest" name="test_click_cart" time="0.091"/>
</testsuite> <!-- Default test -->
